INFO:root:Функція bubble_sort виконується для списку з 10 елементів за 0.000000 секунд
INFO:root:Функція bubble_sort виконується для списку з 100 елементів за 0.000999 секунд
INFO:root:Функція bubble_sort виконується для списку з 1000 елементів за 0.126000 секунд
INFO:root:Функція bubble_sort виконується для списку з 5000 елементів за 3.408000 секунд
INFO:root:Функція bubble_sort виконується для списку з 10000 елементів за 13.128095 секунд
INFO:root:Функція bubble_sort виконується для списку з 50000 елементів за 331.775054 секунд
INFO:root:Функція bubble_sort виконується  для списку з 12000 елементі  за 19.285094 секунд

INFO:root:Функція insert_sort виконується  для списку з 10 елементів  за 0.000000 секунд
INFO:root:Функція insert_sort виконується  для списку з 100 елементів  за 0.000000 секунд
INFO:root:Функція insert_sort виконується  для списку з 1000 елементів  за 0.029999 секунд
INFO:root:Функція insert_sort виконується  для списку з 5000 елементів  за 0.819097 секунд
INFO:root:Функція insert_sort виконується  для списку з 10000 елементів  за 3.208063 секунд
INFO:root:Функція insert_sort виконується  для списку з 50000 елементів  за 78.744868 секунд
INFO:root:Функція insert_sort виконується  для списку з 12000 елементів  за 4.557030 секунд

INFO:root:Функція bubble_sort виконується  для списку з 5000 елементів  за 3.155094 секунд
INFO:root:Функція bubble_sort виконується  для списку з 10000 елементів  за 12.637002 секунд
INFO:root:Функція bubble_sort виконується  для списку з 10000 елементів  за 12.809022 секунд
INFO:root:Функція bubble_sort виконується  для списку з 10000 елементів  за 6.453098 секунд
INFO:root:Функція bubble_sort виконується  для списку з 12000 елементів  за 9.960966 секунд
INFO:root:Функція bubble_sort виконується  для списку з 50000 елементів  за 161.384818 секунд
INFO:root:Функція bubble_sort виконується  для списку з 50000 елементів  за 112.173408508300781250000000000000 секунд
INFO:root:Функція bubble_sort виконується  для списку з 5000 елементів  за 1.165489196777343750000000000000 секунд

INFO:root:Функція selection_sort виконується  для списку з 10 елементів  за 0.000000 секунд
INFO:root:Функція selection_sort виконується  для списку з 100 елементів  за 0.000000 секунд
INFO:root:Функція selection_sort виконується  для списку з 1000 елементів  за 0.031252 секунд
INFO:root:Функція selection_sort виконується  для списку з 10000 елементів  за 1.814142 секунд
INFO:root:Функція selection_sort виконується  для списку з 5000 елементів  за 0.468347 секунд
INFO:root:Функція selection_sort виконується  для списку з 12000 елементів  за 2.598185 секунд
